2012-02-13 19:00:05-0200 [-] Log opened.
2012-02-13 19:00:05-0200 [-] using set_wakeup_fd
2012-02-13 19:00:05-0200 [-] twistd 11.0.0 (/System/Library/Frameworks/Python.framework/Versions/2.7/Resources/Python.app/Contents/MacOS/Python 2.7.1) starting up.
2012-02-13 19:00:05-0200 [-] reactor class: twisted.internet.selectreactor.SelectReactor.
2012-02-13 19:00:05-0200 [-] Traceback (most recent call last):
2012-02-13 19:00:05-0200 [-]   File "/usr/bin/twistd", line 19, in <module>
2012-02-13 19:00:05-0200 [-]     run()
2012-02-13 19:00:05-0200 [-]   File "/System/Library/Frameworks/Python.framework/Versions/2.7/Extras/lib/python/twisted/scripts/twistd.py", line 27, in run
2012-02-13 19:00:05-0200 [-]     app.run(runApp, ServerOptions)
2012-02-13 19:00:05-0200 [-]   File "/System/Library/Frameworks/Python.framework/Versions/2.7/Extras/lib/python/twisted/application/app.py", line 622, in run
2012-02-13 19:00:05-0200 [-]     runApp(config)
2012-02-13 19:00:05-0200 [-]   File "/System/Library/Frameworks/Python.framework/Versions/2.7/Extras/lib/python/twisted/scripts/twistd.py", line 23, in runApp
2012-02-13 19:00:05-0200 [-]     _SomeApplicationRunner(config).run()
2012-02-13 19:00:05-0200 [-]   File "/System/Library/Frameworks/Python.framework/Versions/2.7/Extras/lib/python/twisted/application/app.py", line 380, in run
2012-02-13 19:00:05-0200 [-]     self.postApplication()
2012-02-13 19:00:05-0200 [-]   File "/System/Library/Frameworks/Python.framework/Versions/2.7/Extras/lib/python/twisted/scripts/_twistd_unix.py", line 205, in postApplication
2012-02-13 19:00:05-0200 [-]     self.startApplication(self.application)
2012-02-13 19:00:05-0200 [-]   File "/System/Library/Frameworks/Python.framework/Versions/2.7/Extras/lib/python/twisted/scripts/_twistd_unix.py", line 314, in startApplication
2012-02-13 19:00:05-0200 [-]     service.IService(application).privilegedStartService()
2012-02-13 19:00:05-0200 [-]   File "/System/Library/Frameworks/Python.framework/Versions/2.7/Extras/lib/python/twisted/application/service.py", line 272, in privilegedStartService
2012-02-13 19:00:05-0200 [-]     service.privilegedStartService()
2012-02-13 19:00:05-0200 [-]   File "/System/Library/Frameworks/Python.framework/Versions/2.7/Extras/lib/python/twisted/application/internet.py", line 104, in privilegedStartService
2012-02-13 19:00:05-0200 [-]     self._port = self._getPort()
2012-02-13 19:00:05-0200 [-]   File "/System/Library/Frameworks/Python.framework/Versions/2.7/Extras/lib/python/twisted/application/internet.py", line 131, in _getPort
2012-02-13 19:00:05-0200 [-]     'listen%s' % (self.method,))(*self.args, **self.kwargs)
2012-02-13 19:00:05-0200 [-]   File "/System/Library/Frameworks/Python.framework/Versions/2.7/Extras/lib/python/twisted/internet/posixbase.py", line 419, in listenTCP
2012-02-13 19:00:05-0200 [-]     p.startListening()
2012-02-13 19:00:05-0200 [-]   File "/System/Library/Frameworks/Python.framework/Versions/2.7/Extras/lib/python/twisted/internet/tcp.py", line 865, in startListening
2012-02-13 19:00:05-0200 [-]     skt.bind((self.interface, self.port))
2012-02-13 19:00:05-0200 [-]   File "/System/Library/Frameworks/Python.framework/Versions/2.7/lib/python2.7/socket.py", line 224, in meth
2012-02-13 19:00:05-0200 [-]     return getattr(self._sock,name)(*args)
2012-02-13 19:00:05-0200 [-] TypeError: an integer is required
2012-02-13 19:10:17-0200 [-] Log opened.
2012-02-13 19:10:17-0200 [-] using set_wakeup_fd
2012-02-13 19:10:17-0200 [-] twistd 11.0.0 (/System/Library/Frameworks/Python.framework/Versions/2.7/Resources/Python.app/Contents/MacOS/Python 2.7.1) starting up.
2012-02-13 19:10:17-0200 [-] reactor class: twisted.internet.selectreactor.SelectReactor.
2012-02-13 19:10:17-0200 [-] otto.S3Application starting on 8080
2012-02-13 19:10:17-0200 [-] Starting factory <otto.S3Application instance at 0x10676d518>
